build/app/intermediates/manifest_merge_blame_file/debug/manifest-merger-blame-debug-report.txt
1<?xml version="1.0" encoding="utf-8"?>
2<manifest xmlns:android="http://schemas.android.com/apk/res/android"
3    package="com.sparc.kdatacollector"
4    android:versionCode="22"
5    android:versionName="1.3.1" >
6
7    <uses-sdk
8        android:minSdkVersion="16"
9        android:targetSdkVersion="28" />
10    <!--
11         Flutter needs it to communicate with the running application
12         to allow setting breakpoints, to provide hot reload, etc.
13    -->
14    <uses-permission android:name="android.permission.INTERNET" />
14-->src/main/AndroidManifest.xml:9:10-71
14-->src/main/AndroidManifest.xml:9:27-69
15    <uses-permission android:name="android.permission.CAMERA" />
15-->src/main/AndroidManifest.xml:10:10-70
15-->src/main/AndroidManifest.xml:10:27-67
16
17    <uses-feature android:name="android.hardware.camera" />
17-->src/main/AndroidManifest.xml:11:10-65
17-->src/main/AndroidManifest.xml:11:24-62
18
19    <uses-permission android:name="android.permission.READ_EXTERNAL_STORAGE" />
19-->src/main/AndroidManifest.xml:12:10-85
19-->src/main/AndroidManifest.xml:12:27-82
20    <uses-permission android:name="android.permission.RECEIVE_BOOT_COMPLETED" />
20-->[tsbackgroundfetch-0.4.5.aar] AndroidManifest.xml:11:5-81
20-->[tsbackgroundfetch-0.4.5.aar] AndroidManifest.xml:11:22-78
21    <uses-permission android:name="android.permission.WAKE_LOCK" />
21-->[tsbackgroundfetch-0.4.5.aar] AndroidManifest.xml:12:5-68
21-->[tsbackgroundfetch-0.4.5.aar] AndroidManifest.xml:12:22-65
22    <uses-permission android:name="android.permission.GET_TASKS" />
22-->[tsbackgroundfetch-0.4.5.aar] AndroidManifest.xml:13:5-68
22-->[tsbackgroundfetch-0.4.5.aar] AndroidManifest.xml:13:22-65
23    <uses-permission android:name="android.permission.WRITE_EXTERNAL_STORAGE" />
23-->[:image_picker] AndroidManifest.xml:8:5-81
23-->[:image_picker] AndroidManifest.xml:8:22-78
24    <uses-permission android:name="android.permission.ACCESS_NETWORK_STATE" />
24-->[:connectivity] AndroidManifest.xml:7:5-79
24-->[:connectivity] AndroidManifest.xml:7:22-76
25    <uses-permission android:name="android.permission.ACCESS_WIFI_STATE" />
25-->[:connectivity] AndroidManifest.xml:8:5-76
25-->[:connectivity] AndroidManifest.xml:8:22-73
26
27    <application
27-->src/main/AndroidManifest.xml:14:5-40:19
28        android:name="io.flutter.app.FlutterApplication"
28-->src/main/AndroidManifest.xml:16:9-57
29        android:appComponentFactory="androidx.core.app.CoreComponentFactory"
29-->[androidx.core:core:1.1.0] AndroidManifest.xml:24:18-86
30        android:debuggable="true"
31        android:icon="@mipmap/launcher_icon"
31-->src/main/AndroidManifest.xml:18:9-45
32        android:label="Data Collector" >
32-->src/main/AndroidManifest.xml:17:9-39
33        <activity
33-->src/main/AndroidManifest.xml:19:9-30:20
34            android:name="com.sparc.kdatacollector.MainActivity"
34-->src/main/AndroidManifest.xml:20:13-41
35            android:configChanges="orientation|keyboardHidden|keyboard|screenSize|smallestScreenSize|locale|layoutDirection|fontScale|screenLayout|density|uiMode"
35-->src/main/AndroidManifest.xml:23:13-163
36            android:hardwareAccelerated="true"
36-->src/main/AndroidManifest.xml:24:13-47
37            android:launchMode="singleTop"
37-->src/main/AndroidManifest.xml:21:13-43
38            android:theme="@style/LaunchTheme"
38-->src/main/AndroidManifest.xml:22:13-47
39            android:windowSoftInputMode="adjustResize" >
39-->src/main/AndroidManifest.xml:25:13-55
40            <intent-filter>
40-->src/main/AndroidManifest.xml:26:13-29:29
41                <action android:name="android.intent.action.MAIN" />
41-->src/main/AndroidManifest.xml:27:17-68
41-->src/main/AndroidManifest.xml:27:25-66
42
43                <category android:name="android.intent.category.LAUNCHER" />
43-->src/main/AndroidManifest.xml:28:17-76
43-->src/main/AndroidManifest.xml:28:27-74
44            </intent-filter>
45        </activity>
46        <activity
46-->src/main/AndroidManifest.xml:31:9-34:71
47            android:name="com.yalantis.ucrop.UCropActivity"
47-->src/main/AndroidManifest.xml:32:13-60
48            android:screenOrientation="portrait"
48-->src/main/AndroidManifest.xml:33:13-49
49            android:theme="@style/Theme.AppCompat.Light.NoActionBar" />
49-->src/main/AndroidManifest.xml:34:13-69
50        <!--
51             Don't delete the meta-data below.
52             This is used by the Flutter tool to generate GeneratedPluginRegistrant.java
53        -->
54        <meta-data
54-->src/main/AndroidManifest.xml:37:9-39:33
55            android:name="flutterEmbedding"
55-->src/main/AndroidManifest.xml:38:13-44
56            android:value="2" />
56-->src/main/AndroidManifest.xml:39:13-30
57
58        <receiver android:name="com.transistorsoft.tsbackgroundfetch.FetchAlarmReceiver" />
58-->[tsbackgroundfetch-0.4.5.aar] AndroidManifest.xml:16:9-92
58-->[tsbackgroundfetch-0.4.5.aar] AndroidManifest.xml:16:19-89
59
60        <service
60-->[tsbackgroundfetch-0.4.5.aar] AndroidManifest.xml:18:9-21:72
61            android:name="com.transistorsoft.tsbackgroundfetch.FetchJobService"
61-->[tsbackgroundfetch-0.4.5.aar] AndroidManifest.xml:19:13-80
62            android:exported="true"
62-->[tsbackgroundfetch-0.4.5.aar] AndroidManifest.xml:20:13-36
63            android:permission="android.permission.BIND_JOB_SERVICE" />
63-->[tsbackgroundfetch-0.4.5.aar] AndroidManifest.xml:21:13-69
64
65        <receiver android:name="com.transistorsoft.tsbackgroundfetch.BootReceiver" >
65-->[tsbackgroundfetch-0.4.5.aar] AndroidManifest.xml:23:9-28:20
65-->[tsbackgroundfetch-0.4.5.aar] AndroidManifest.xml:23:19-83
66            <intent-filter>
66-->[tsbackgroundfetch-0.4.5.aar] AndroidManifest.xml:24:13-27:29
67                <action android:name="android.intent.action.BOOT_COMPLETED" />
67-->[tsbackgroundfetch-0.4.5.aar] AndroidManifest.xml:25:17-79
67-->[tsbackgroundfetch-0.4.5.aar] AndroidManifest.xml:25:25-76
68                <action android:name="android.intent.action.MY_PACKAGE_REPLACED" />
68-->[tsbackgroundfetch-0.4.5.aar] AndroidManifest.xml:26:17-84
68-->[tsbackgroundfetch-0.4.5.aar] AndroidManifest.xml:26:25-81
69            </intent-filter>
70        </receiver>
71
72        <provider
72-->[:image_picker] AndroidManifest.xml:11:9-19:20
73            android:name="io.flutter.plugins.imagepicker.ImagePickerFileProvider"
73-->[:image_picker] AndroidManifest.xml:12:13-82
74            android:authorities="com.sparc.kdatacollector.flutter.image_provider"
74-->[:image_picker] AndroidManifest.xml:13:13-74
75            android:exported="false"
75-->[:image_picker] AndroidManifest.xml:14:13-37
76            android:grantUriPermissions="true" >
76-->[:image_picker] AndroidManifest.xml:15:13-47
77            <meta-data
77-->[:image_picker] AndroidManifest.xml:16:13-18:75
78                android:name="android.support.FILE_PROVIDER_PATHS"
78-->[:image_picker] AndroidManifest.xml:17:17-67
79                android:resource="@xml/flutter_image_picker_file_paths" />
79-->[:image_picker] AndroidManifest.xml:18:17-72
80        </provider>
81        <provider
81-->[:flutter_mailer] AndroidManifest.xml:8:9-16:20
82            android:name="com.dataxad.flutter_mailer.FlutterMailerFileProvider"
82-->[:flutter_mailer] AndroidManifest.xml:9:13-80
83            android:authorities="com.sparc.kdatacollector.adv_provider"
83-->[:flutter_mailer] AndroidManifest.xml:10:13-64
84            android:exported="false"
84-->[:flutter_mailer] AndroidManifest.xml:11:13-37
85            android:grantUriPermissions="true" >
85-->[:flutter_mailer] AndroidManifest.xml:12:13-47
86            <meta-data
86-->[:image_picker] AndroidManifest.xml:16:13-18:75
87                android:name="android.support.FILE_PROVIDER_PATHS"
87-->[:image_picker] AndroidManifest.xml:17:17-67
88                android:resource="@xml/flutter_mailer_paths" />
88-->[:image_picker] AndroidManifest.xml:18:17-72
89        </provider>
90    </application>
91
92</manifest>